[debug] [2024-06-03T21:33:46.354Z] ----------------------------------------------------------------------
[debug] [2024-06-03T21:33:46.355Z] Command:       /usr/local/share/nvm/versions/node/v20.12.1/bin/node /home/codespace/nvm/current/bin/firebase init
[debug] [2024-06-03T21:33:46.356Z] CLI Version:   13.10.2
[debug] [2024-06-03T21:33:46.356Z] Platform:      linux
[debug] [2024-06-03T21:33:46.356Z] Node Version:  v20.12.1
[debug] [2024-06-03T21:33:46.356Z] Time:          Mon Jun 03 2024 21:33:46 GMT+0000 (Coordinated Universal Time)
[debug] [2024-06-03T21:33:46.356Z] Env Overrides: GITHUB_API_URL
[debug] [2024-06-03T21:33:46.356Z] ----------------------------------------------------------------------
[debug] 
[debug] [2024-06-03T21:33:46.360Z] > command requires scopes: ["email","openid","https://www.googleapis.com/auth/cloudplatformprojects.readonly","https://www.googleapis.com/auth/firebase","https://www.googleapis.com/auth/cloud-platform"]
[debug] [2024-06-03T21:33:46.360Z] > authorizing via signed-in user (ayanbalajik@gmail.com)
[info] 
     ######## #### ########  ######## ########     ###     ######  ########
     ##        ##  ##     ## ##       ##     ##  ##   ##  ##       ##
     ######    ##  ########  ######   ########  #########  ######  ######
     ##        ##  ##    ##  ##       ##     ## ##     ##       ## ##
     ##       #### ##     ## ######## ########  ##     ##  ######  ########

You're about to initialize a Firebase project in this directory:

  /workspaces/website

Before we get started, keep in mind:

  * You are currently outside your home directory

